  [1m[36m (2.6ms)[0m  [1mCREATE TABLE "schema_migrations" ("version" character varying(255) NOT NULL) [0m
  [1m[35m (1.5ms)[0m  CREATE UNIQUE INDEX  "unique_schema_migrations" ON "schema_migrations"  ("version")
  [1m[36mActiveRecord::SchemaMigration Load (0.4ms)[0m  [1mSELECT "schema_migrations".* FROM "schema_migrations"[0m
  [1m[36mActiveRecord::SchemaMigration Load (0.4ms)[0m  [1mSELECT "schema_migrations".* FROM "schema_migrations"[0m
Migrating to CreateUsers (20141118023651)
  [1m[35m (0.1ms)[0m  BEGIN
  [1m[36m (6.5ms)[0m  [1mCREATE TABLE "users" ("id" serial primary key, "email" character varying(255), "password_digest" character varying(255), "created_at" timestamp, "updated_at" timestamp) [0m
  [1m[35mSQL (0.3ms)[0m  INSERT INTO "schema_migrations" ("version") VALUES ($1)  [["version", "20141118023651"]]
  [1m[36m (0.5ms)[0m  [1mCOMMIT[0m
  [1m[35mActiveRecord::SchemaMigration Load (0.2ms)[0m  SELECT "schema_migrations".* FROM "schema_migrations"
  [1m[36mActiveRecord::SchemaMigration Load (0.4ms)[0m  [1mSELECT "schema_migrations".* FROM "schema_migrations"[0m
Migrating to CreateStreams (20141118034706)
  [1m[35m (0.1ms)[0m  BEGIN
  [1m[36m (0.1ms)[0m  [1mROLLBACK[0m
  [1m[36mActiveRecord::SchemaMigration Load (0.4ms)[0m  [1mSELECT "schema_migrations".* FROM "schema_migrations"[0m
Migrating to CreateStreams (20141118034706)
  [1m[35m (0.1ms)[0m  BEGIN
  [1m[36m (0.1ms)[0m  [1mROLLBACK[0m
  [1m[36mActiveRecord::SchemaMigration Load (0.5ms)[0m  [1mSELECT "schema_migrations".* FROM "schema_migrations"[0m
Migrating to CreateStreams (20141118034706)
  [1m[35m (0.1ms)[0m  BEGIN
  [1m[36m (0.1ms)[0m  [1mROLLBACK[0m


Started GET "/" for 127.0.0.1 at 2014-11-18 16:45:31 -0800
  [1m[36mActiveRecord::SchemaMigration Load (0.7ms)[0m  [1mSELECT "schema_migrations".* FROM "schema_migrations"[0m

ActiveRecord::PendingMigrationError (

Migrations are pending. To resolve this issue, run:

	bin/rake db:migrate RAILS_ENV=development

):
  activerecord (4.1.1) lib/active_record/migration.rb:389:in `check_pending!'
  activerecord (4.1.1) lib/active_record/migration.rb:377:in `call'
  actionpack (4.1.1) lib/action_dispatch/middleware/callbacks.rb:29:in `block in call'
  activesupport (4.1.1) lib/active_support/callbacks.rb:82:in `run_callbacks'
  actionpack (4.1.1) lib/action_dispatch/middleware/callbacks.rb:27:in `call'
  actionpack (4.1.1) lib/action_dispatch/middleware/reloader.rb:73:in `call'
  actionpack (4.1.1) lib/action_dispatch/middleware/remote_ip.rb:76:in `call'
  actionpack (4.1.1) lib/action_dispatch/middleware/debug_exceptions.rb:17:in `call'
  actionpack (4.1.1) lib/action_dispatch/middleware/show_exceptions.rb:30:in `call'
  railties (4.1.1) lib/rails/rack/logger.rb:38:in `call_app'
  railties (4.1.1) lib/rails/rack/logger.rb:20:in `block in call'
  activesupport (4.1.1) lib/active_support/tagged_logging.rb:68:in `block in tagged'
  activesupport (4.1.1) lib/active_support/tagged_logging.rb:26:in `tagged'
  activesupport (4.1.1) lib/active_support/tagged_logging.rb:68:in `tagged'
  railties (4.1.1) lib/rails/rack/logger.rb:20:in `call'
  actionpack (4.1.1) lib/action_dispatch/middleware/request_id.rb:21:in `call'
  rack (1.5.2) lib/rack/methodoverride.rb:21:in `call'
  rack (1.5.2) lib/rack/runtime.rb:17:in `call'
  activesupport (4.1.1) lib/active_support/cache/strategy/local_cache_middleware.rb:26:in `call'
  rack (1.5.2) lib/rack/lock.rb:17:in `call'
  actionpack (4.1.1) lib/action_dispatch/middleware/static.rb:64:in `call'
  rack (1.5.2) lib/rack/sendfile.rb:112:in `call'
  railties (4.1.1) lib/rails/engine.rb:514:in `call'
  railties (4.1.1) lib/rails/application.rb:144:in `call'
  rack (1.5.2) lib/rack/lock.rb:17:in `call'
  rack (1.5.2) lib/rack/content_length.rb:14:in `call'
  rack (1.5.2) lib/rack/handler/webrick.rb:60:in `service'
  /Users/erickatz/.rbenv/versions/2.1.2/lib/ruby/2.1.0/webrick/httpserver.rb:138:in `service'
  /Users/erickatz/.rbenv/versions/2.1.2/lib/ruby/2.1.0/webrick/httpserver.rb:94:in `run'
  /Users/erickatz/.rbenv/versions/2.1.2/lib/ruby/2.1.0/webrick/server.rb:295:in `block in start_thread'


  Rendered /Users/erickatz/.rbenv/versions/2.1.2/lib/ruby/gems/2.1.0/gems/actionpack-4.1.1/lib/action_dispatch/middleware/templates/rescues/_source.erb (0.6ms)
  Rendered /Users/erickatz/.rbenv/versions/2.1.2/lib/ruby/gems/2.1.0/gems/actionpack-4.1.1/lib/action_dispatch/middleware/templates/rescues/_trace.html.erb (0.9ms)
  Rendered /Users/erickatz/.rbenv/versions/2.1.2/lib/ruby/gems/2.1.0/gems/actionpack-4.1.1/lib/action_dispatch/middleware/templates/rescues/_request_and_response.html.erb (0.8ms)
  Rendered /Users/erickatz/.rbenv/versions/2.1.2/lib/ruby/gems/2.1.0/gems/actionpack-4.1.1/lib/action_dispatch/middleware/templates/rescues/diagnostics.erb within rescues/layout (20.8ms)
  [1m[36mActiveRecord::SchemaMigration Load (0.4ms)[0m  [1mSELECT "schema_migrations".* FROM "schema_migrations"[0m
Migrating to CreateStreams (20141118035456)
  [1m[35m (0.1ms)[0m  BEGIN
  [1m[36m (6.3ms)[0m  [1mCREATE TABLE "streams" ("id" serial primary key, "name" character varying(255), "description" character varying(255), "stream" bytea, "created_at" timestamp, "updated_at" timestamp) [0m
  [1m[35mSQL (0.3ms)[0m  INSERT INTO "schema_migrations" ("version") VALUES ($1)  [["version", "20141118035456"]]
  [1m[36m (0.8ms)[0m  [1mCOMMIT[0m
  [1m[35mActiveRecord::SchemaMigration Load (0.2ms)[0m  SELECT "schema_migrations".* FROM "schema_migrations"


Started GET "/" for 127.0.0.1 at 2014-11-18 16:46:50 -0800
  [1m[35mActiveRecord::SchemaMigration Load (0.2ms)[0m  SELECT "schema_migrations".* FROM "schema_migrations"

ActionController::RoutingError (uninitialized constant ApplicationsController):
  activesupport (4.1.1) lib/active_support/inflector/methods.rb:238:in `const_get'
  activesupport (4.1.1) lib/active_support/inflector/methods.rb:238:in `block in constantize'
  activesupport (4.1.1) lib/active_support/inflector/methods.rb:236:in `each'
  activesupport (4.1.1) lib/active_support/inflector/methods.rb:236:in `inject'
  activesupport (4.1.1) lib/active_support/inflector/methods.rb:236:in `constantize'
  actionpack (4.1.1) lib/action_dispatch/routing/route_set.rb:76:in `controller_reference'
  actionpack (4.1.1) lib/action_dispatch/routing/route_set.rb:66:in `controller'
  actionpack (4.1.1) lib/action_dispatch/routing/route_set.rb:44:in `call'
  actionpack (4.1.1) lib/action_dispatch/journey/router.rb:71:in `block in call'
  actionpack (4.1.1) lib/action_dispatch/journey/router.rb:59:in `each'
  actionpack (4.1.1) lib/action_dispatch/journey/router.rb:59:in `call'
  actionpack (4.1.1) lib/action_dispatch/routing/route_set.rb:676:in `call'
  rack (1.5.2) lib/rack/etag.rb:23:in `call'
  rack (1.5.2) lib/rack/conditionalget.rb:25:in `call'
  rack (1.5.2) lib/rack/head.rb:11:in `call'
  actionpack (4.1.1) lib/action_dispatch/middleware/params_parser.rb:27:in `call'
  actionpack (4.1.1) lib/action_dispatch/middleware/flash.rb:254:in `call'
  rack (1.5.2) lib/rack/session/abstract/id.rb:225:in `context'
  rack (1.5.2) lib/rack/session/abstract/id.rb:220:in `call'
  actionpack (4.1.1) lib/action_dispatch/middleware/cookies.rb:560:in `call'
  activerecord (4.1.1) lib/active_record/query_cache.rb:36:in `call'
  activerecord (4.1.1) lib/active_record/connection_adapters/abstract/connection_pool.rb:621:in `call'
  activerecord (4.1.1) lib/active_record/migration.rb:380:in `call'
  actionpack (4.1.1) lib/action_dispatch/middleware/callbacks.rb:29:in `block in call'
  activesupport (4.1.1) lib/active_support/callbacks.rb:82:in `run_callbacks'
  actionpack (4.1.1) lib/action_dispatch/middleware/callbacks.rb:27:in `call'
  actionpack (4.1.1) lib/action_dispatch/middleware/reloader.rb:73:in `call'
  actionpack (4.1.1) lib/action_dispatch/middleware/remote_ip.rb:76:in `call'
  actionpack (4.1.1) lib/action_dispatch/middleware/debug_exceptions.rb:17:in `call'
  actionpack (4.1.1) lib/action_dispatch/middleware/show_exceptions.rb:30:in `call'
  railties (4.1.1) lib/rails/rack/logger.rb:38:in `call_app'
  railties (4.1.1) lib/rails/rack/logger.rb:20:in `block in call'
  activesupport (4.1.1) lib/active_support/tagged_logging.rb:68:in `block in tagged'
  activesupport (4.1.1) lib/active_support/tagged_logging.rb:26:in `tagged'
  activesupport (4.1.1) lib/active_support/tagged_logging.rb:68:in `tagged'
  railties (4.1.1) lib/rails/rack/logger.rb:20:in `call'
  actionpack (4.1.1) lib/action_dispatch/middleware/request_id.rb:21:in `call'
  rack (1.5.2) lib/rack/methodoverride.rb:21:in `call'
  rack (1.5.2) lib/rack/runtime.rb:17:in `call'
  activesupport (4.1.1) lib/active_support/cache/strategy/local_cache_middleware.rb:26:in `call'
  rack (1.5.2) lib/rack/lock.rb:17:in `call'
  actionpack (4.1.1) lib/action_dispatch/middleware/static.rb:64:in `call'
  rack (1.5.2) lib/rack/sendfile.rb:112:in `call'
  railties (4.1.1) lib/rails/engine.rb:514:in `call'
  railties (4.1.1) lib/rails/application.rb:144:in `call'
  rack (1.5.2) lib/rack/lock.rb:17:in `call'
  rack (1.5.2) lib/rack/content_length.rb:14:in `call'
  rack (1.5.2) lib/rack/handler/webrick.rb:60:in `service'
  /Users/erickatz/.rbenv/versions/2.1.2/lib/ruby/2.1.0/webrick/httpserver.rb:138:in `service'
  /Users/erickatz/.rbenv/versions/2.1.2/lib/ruby/2.1.0/webrick/httpserver.rb:94:in `run'
  /Users/erickatz/.rbenv/versions/2.1.2/lib/ruby/2.1.0/webrick/server.rb:295:in `block in start_thread'


  Rendered /Users/erickatz/.rbenv/versions/2.1.2/lib/ruby/gems/2.1.0/gems/actionpack-4.1.1/lib/action_dispatch/middleware/templates/rescues/_trace.html.erb (1.2ms)
  Rendered /Users/erickatz/.rbenv/versions/2.1.2/lib/ruby/gems/2.1.0/gems/actionpack-4.1.1/lib/action_dispatch/middleware/templates/routes/_route.html.erb (1.3ms)
  Rendered /Users/erickatz/.rbenv/versions/2.1.2/lib/ruby/gems/2.1.0/gems/actionpack-4.1.1/lib/action_dispatch/middleware/templates/routes/_table.html.erb (9.3ms)
  Rendered /Users/erickatz/.rbenv/versions/2.1.2/lib/ruby/gems/2.1.0/gems/actionpack-4.1.1/lib/action_dispatch/middleware/templates/rescues/routing_error.html.erb within rescues/layout (54.9ms)


Started GET "/" for 127.0.0.1 at 2014-11-18 16:47:32 -0800
Processing by SessionsController#new as HTML
Completed 500 Internal Server Error in 18ms

NoMethodError (undefined method `field' for #<Class:0x007ffb5f50f8e0>):
  app/models/user.rb:4:in `<class:User>'
  app/models/user.rb:1:in `<top (required)>'
  app/controllers/sessions_controller.rb:4:in `new'


  Rendered /Users/erickatz/.rbenv/versions/2.1.2/lib/ruby/gems/2.1.0/gems/actionpack-4.1.1/lib/action_dispatch/middleware/templates/rescues/_source.erb (0.5ms)
  Rendered /Users/erickatz/.rbenv/versions/2.1.2/lib/ruby/gems/2.1.0/gems/actionpack-4.1.1/lib/action_dispatch/middleware/templates/rescues/_trace.html.erb (1.0ms)
  Rendered /Users/erickatz/.rbenv/versions/2.1.2/lib/ruby/gems/2.1.0/gems/actionpack-4.1.1/lib/action_dispatch/middleware/templates/rescues/_request_and_response.html.erb (0.7ms)
  Rendered /Users/erickatz/.rbenv/versions/2.1.2/lib/ruby/gems/2.1.0/gems/actionpack-4.1.1/lib/action_dispatch/middleware/templates/rescues/diagnostics.erb within rescues/layout (13.7ms)


Started GET "/" for 127.0.0.1 at 2014-11-18 16:48:05 -0800
Processing by SessionsController#new as HTML
  Rendered sessions/new.html.erb within layouts/application (0.4ms)
Completed 200 OK in 402ms (Views: 397.7ms | ActiveRecord: 1.7ms)


Started GET "/assets/turbolinks.js?body=1" for 127.0.0.1 at 2014-11-18 16:48:05 -0800


Started GET "/assets/application.js?body=1" for 127.0.0.1 at 2014-11-18 16:48:05 -0800


Started GET "/assets/application.css?body=1" for 127.0.0.1 at 2014-11-18 16:48:05 -0800


Started GET "/assets/jquery.js?body=1" for 127.0.0.1 at 2014-11-18 16:48:05 -0800


Started GET "/assets/jquery_ujs.js?body=1" for 127.0.0.1 at 2014-11-18 16:48:05 -0800


Started GET "/" for 127.0.0.1 at 2014-11-18 16:48:30 -0800
Processing by SessionsController#new as HTML
  Rendered sessions/new.html.erb within layouts/application (0.4ms)
Completed 200 OK in 35ms (Views: 29.0ms | ActiveRecord: 2.1ms)


Started GET "/assets/application.css?body=1" for 127.0.0.1 at 2014-11-18 16:48:30 -0800


Started GET "/assets/jquery_ujs.js?body=1" for 127.0.0.1 at 2014-11-18 16:48:30 -0800


Started GET "/assets/application.js?body=1" for 127.0.0.1 at 2014-11-18 16:48:30 -0800


Started GET "/assets/jquery.js?body=1" for 127.0.0.1 at 2014-11-18 16:48:30 -0800


Started GET "/assets/turbolinks.js?body=1" for 127.0.0.1 at 2014-11-18 16:48:30 -0800


Started GET "/" for 127.0.0.1 at 2014-11-18 16:49:20 -0800
Processing by SessionsController#new as HTML
  Rendered sessions/new.html.erb within layouts/application (0.3ms)
Completed 200 OK in 25ms (Views: 24.7ms | ActiveRecord: 0.0ms)


Started GET "/assets/application.css?body=1" for 127.0.0.1 at 2014-11-18 16:49:20 -0800


Started GET "/assets/jquery.js?body=1" for 127.0.0.1 at 2014-11-18 16:49:20 -0800


Started GET "/assets/application.js?body=1" for 127.0.0.1 at 2014-11-18 16:49:20 -0800


Started GET "/assets/turbolinks.js?body=1" for 127.0.0.1 at 2014-11-18 16:49:20 -0800


Started GET "/assets/jquery_ujs.js?body=1" for 127.0.0.1 at 2014-11-18 16:49:20 -0800


Started GET "/" for 127.0.0.1 at 2014-11-18 18:14:57 -0800
  [1m[36mActiveRecord::SchemaMigration Load (0.8ms)[0m  [1mSELECT "schema_migrations".* FROM "schema_migrations"[0m
Processing by SessionsController#new as HTML
  Rendered sessions/new.html.erb within layouts/application (12.8ms)
Completed 200 OK in 95ms (Views: 76.8ms | ActiveRecord: 2.4ms)


Started GET "/assets/application.css?body=1" for 127.0.0.1 at 2014-11-18 18:14:57 -0800


Started GET "/assets/turbolinks.js?body=1" for 127.0.0.1 at 2014-11-18 18:14:57 -0800


Started GET "/assets/jquery.js?body=1" for 127.0.0.1 at 2014-11-18 18:14:57 -0800


Started GET "/assets/jquery_ujs.js?body=1" for 127.0.0.1 at 2014-11-18 18:14:57 -0800


Started GET "/assets/application.js?body=1" for 127.0.0.1 at 2014-11-18 18:14:57 -0800


Started POST "/users" for 127.0.0.1 at 2014-11-18 18:15:07 -0800
Processing by UsersController#create as HTML
  Parameters: {"utf8"=>"✓", "authenticity_token"=>"H23mGrkm93qiUU9BAe9zfss86Puyes8SamCkezbF/vU=", "user"=>{"email"=>"", "password"=>"[FILTERED]", "password_confirmation"=>"[FILTERED]"}, "commit"=>"Sign up"}
Completed 500 Internal Server Error in 1ms

NoMethodError (undefined method `first' for nil:NilClass):
  app/controllers/users_controller.rb:8:in `create'


  Rendered /Users/erickatz/.rbenv/versions/2.1.2/lib/ruby/gems/2.1.0/gems/actionpack-4.1.1/lib/action_dispatch/middleware/templates/rescues/_source.erb (0.7ms)
  Rendered /Users/erickatz/.rbenv/versions/2.1.2/lib/ruby/gems/2.1.0/gems/actionpack-4.1.1/lib/action_dispatch/middleware/templates/rescues/_trace.html.erb (1.0ms)
  Rendered /Users/erickatz/.rbenv/versions/2.1.2/lib/ruby/gems/2.1.0/gems/actionpack-4.1.1/lib/action_dispatch/middleware/templates/rescues/_request_and_response.html.erb (1.2ms)
  Rendered /Users/erickatz/.rbenv/versions/2.1.2/lib/ruby/gems/2.1.0/gems/actionpack-4.1.1/lib/action_dispatch/middleware/templates/rescues/diagnostics.erb within rescues/layout (16.5ms)


Started POST "/users" for 127.0.0.1 at 2014-11-18 18:15:45 -0800
Processing by UsersController#create as HTML
  Parameters: {"utf8"=>"✓", "authenticity_token"=>"H23mGrkm93qiUU9BAe9zfss86Puyes8SamCkezbF/vU=", "user"=>{"email"=>"", "password"=>"[FILTERED]", "password_confirmation"=>"[FILTERED]"}, "commit"=>"Sign up"}
Completed 500 Internal Server Error in 1ms

NoMethodError (undefined method `first' for nil:NilClass):
  app/controllers/users_controller.rb:8:in `create'


  Rendered /Users/erickatz/.rbenv/versions/2.1.2/lib/ruby/gems/2.1.0/gems/actionpack-4.1.1/lib/action_dispatch/middleware/templates/rescues/_source.erb (0.7ms)
  Rendered /Users/erickatz/.rbenv/versions/2.1.2/lib/ruby/gems/2.1.0/gems/actionpack-4.1.1/lib/action_dispatch/middleware/templates/rescues/_trace.html.erb (1.0ms)
  Rendered /Users/erickatz/.rbenv/versions/2.1.2/lib/ruby/gems/2.1.0/gems/actionpack-4.1.1/lib/action_dispatch/middleware/templates/rescues/_request_and_response.html.erb (0.9ms)
  Rendered /Users/erickatz/.rbenv/versions/2.1.2/lib/ruby/gems/2.1.0/gems/actionpack-4.1.1/lib/action_dispatch/middleware/templates/rescues/diagnostics.erb within rescues/layout (15.4ms)


Started POST "/users" for 127.0.0.1 at 2014-11-18 18:20:32 -0800
Processing by UsersController#create as HTML
  Parameters: {"utf8"=>"✓", "authenticity_token"=>"H23mGrkm93qiUU9BAe9zfss86Puyes8SamCkezbF/vU=", "user"=>{"email"=>"", "password"=>"[FILTERED]", "password_confirmation"=>"[FILTERED]"}, "commit"=>"Sign up"}
Unpermitted parameters: password, password_confirmation
  [1m[35m (0.1ms)[0m  BEGIN
  [1m[36m (0.1ms)[0m  [1mROLLBACK[0m
Completed 500 Internal Server Error in 19ms

NameError (undefined local variable or method `new_user_path' for #<UsersController:0x007f86ed91de28>):
  app/controllers/users_controller.rb:12:in `create'


  Rendered /Users/erickatz/.rbenv/versions/2.1.2/lib/ruby/gems/2.1.0/gems/actionpack-4.1.1/lib/action_dispatch/middleware/templates/rescues/_source.erb (0.7ms)
  Rendered /Users/erickatz/.rbenv/versions/2.1.2/lib/ruby/gems/2.1.0/gems/actionpack-4.1.1/lib/action_dispatch/middleware/templates/rescues/_trace.html.erb (1.2ms)
  Rendered /Users/erickatz/.rbenv/versions/2.1.2/lib/ruby/gems/2.1.0/gems/actionpack-4.1.1/lib/action_dispatch/middleware/templates/rescues/_request_and_response.html.erb (0.9ms)
  Rendered /Users/erickatz/.rbenv/versions/2.1.2/lib/ruby/gems/2.1.0/gems/actionpack-4.1.1/lib/action_dispatch/middleware/templates/rescues/diagnostics.erb within rescues/layout (19.2ms)


Started POST "/users" for 127.0.0.1 at 2014-11-18 18:20:51 -0800
Processing by UsersController#create as HTML
  Parameters: {"utf8"=>"✓", "authenticity_token"=>"H23mGrkm93qiUU9BAe9zfss86Puyes8SamCkezbF/vU=", "user"=>{"email"=>"", "password"=>"[FILTERED]", "password_confirmation"=>"[FILTERED]"}, "commit"=>"Sign up"}
Unpermitted parameters: password, password_confirmation
  [1m[35m (0.1ms)[0m  BEGIN
  [1m[36m (0.1ms)[0m  [1mROLLBACK[0m
Completed 500 Internal Server Error in 12ms

NameError (undefined local variable or method `new_users_path' for #<UsersController:0x007f86ebfddda0>):
  app/controllers/users_controller.rb:12:in `create'


  Rendered /Users/erickatz/.rbenv/versions/2.1.2/lib/ruby/gems/2.1.0/gems/actionpack-4.1.1/lib/action_dispatch/middleware/templates/rescues/_source.erb (1.0ms)
  Rendered /Users/erickatz/.rbenv/versions/2.1.2/lib/ruby/gems/2.1.0/gems/actionpack-4.1.1/lib/action_dispatch/middleware/templates/rescues/_trace.html.erb (1.1ms)
  Rendered /Users/erickatz/.rbenv/versions/2.1.2/lib/ruby/gems/2.1.0/gems/actionpack-4.1.1/lib/action_dispatch/middleware/templates/rescues/_request_and_response.html.erb (0.9ms)
  Rendered /Users/erickatz/.rbenv/versions/2.1.2/lib/ruby/gems/2.1.0/gems/actionpack-4.1.1/lib/action_dispatch/middleware/templates/rescues/diagnostics.erb within rescues/layout (18.2ms)


Started POST "/users" for 127.0.0.1 at 2014-11-18 18:21:17 -0800
Processing by UsersController#create as HTML
  Parameters: {"utf8"=>"✓", "authenticity_token"=>"H23mGrkm93qiUU9BAe9zfss86Puyes8SamCkezbF/vU=", "user"=>{"email"=>"", "password"=>"[FILTERED]", "password_confirmation"=>"[FILTERED]"}, "commit"=>"Sign up"}
Unpermitted parameters: password, password_confirmation
  [1m[35m (0.1ms)[0m  BEGIN
  [1m[36m (0.1ms)[0m  [1mROLLBACK[0m
Redirected to http://localhost:3000/users
Completed 302 Found in 11ms (ActiveRecord: 2.8ms)


Started GET "/users" for 127.0.0.1 at 2014-11-18 18:21:17 -0800
Processing by UsersController#index as HTML
  Rendered users/index.html.erb within layouts/application (0.3ms)
Completed 200 OK in 29ms (Views: 28.0ms | ActiveRecord: 0.0ms)


Started GET "/assets/jquery.js?body=1" for 127.0.0.1 at 2014-11-18 18:21:17 -0800


Started GET "/assets/application.css?body=1" for 127.0.0.1 at 2014-11-18 18:21:17 -0800


Started GET "/assets/jquery_ujs.js?body=1" for 127.0.0.1 at 2014-11-18 18:21:17 -0800


Started GET "/assets/turbolinks.js?body=1" for 127.0.0.1 at 2014-11-18 18:21:17 -0800


Started GET "/assets/application.js?body=1" for 127.0.0.1 at 2014-11-18 18:21:17 -0800


Started POST "/users" for 127.0.0.1 at 2014-11-18 18:21:52 -0800
Processing by UsersController#create as HTML
  Parameters: {"utf8"=>"✓", "authenticity_token"=>"H23mGrkm93qiUU9BAe9zfss86Puyes8SamCkezbF/vU=", "user"=>{"email"=>"", "password"=>"[FILTERED]", "password_confirmation"=>"[FILTERED]"}, "commit"=>"Sign up"}
Unpermitted parameters: password, password_confirmation
  [1m[35m (0.1ms)[0m  BEGIN
  [1m[36m (0.1ms)[0m  [1mROLLBACK[0m
Redirected to http://localhost:3000/users
Completed 302 Found in 3ms (ActiveRecord: 0.2ms)


Started GET "/users" for 127.0.0.1 at 2014-11-18 18:21:52 -0800
Processing by UsersController#index as HTML
  Rendered users/index.html.erb within layouts/application (0.1ms)
Completed 200 OK in 35ms (Views: 34.5ms | ActiveRecord: 0.0ms)


Started GET "/assets/application.css?body=1" for 127.0.0.1 at 2014-11-18 18:21:52 -0800


Started GET "/assets/turbolinks.js?body=1" for 127.0.0.1 at 2014-11-18 18:21:52 -0800


Started GET "/assets/application.js?body=1" for 127.0.0.1 at 2014-11-18 18:21:52 -0800


Started GET "/assets/jquery.js?body=1" for 127.0.0.1 at 2014-11-18 18:21:52 -0800


Started GET "/assets/jquery_ujs.js?body=1" for 127.0.0.1 at 2014-11-18 18:21:52 -0800


Started GET "/users" for 127.0.0.1 at 2014-11-18 18:22:20 -0800
Processing by UsersController#index as HTML
  Rendered users/index.html.erb within layouts/application (0.0ms)
Completed 200 OK in 39ms (Views: 37.0ms | ActiveRecord: 0.0ms)


Started GET "/assets/application.css?body=1" for 127.0.0.1 at 2014-11-18 18:22:20 -0800


Started GET "/assets/jquery.js?body=1" for 127.0.0.1 at 2014-11-18 18:22:20 -0800


Started GET "/assets/application.js?body=1" for 127.0.0.1 at 2014-11-18 18:22:20 -0800


Started GET "/assets/turbolinks.js?body=1" for 127.0.0.1 at 2014-11-18 18:22:20 -0800


Started GET "/assets/jquery_ujs.js?body=1" for 127.0.0.1 at 2014-11-18 18:22:20 -0800


Started GET "/users" for 127.0.0.1 at 2014-11-18 18:22:23 -0800
Processing by UsersController#index as HTML
  Rendered users/index.html.erb within layouts/application (0.0ms)
Completed 200 OK in 25ms (Views: 24.2ms | ActiveRecord: 0.0ms)


Started GET "/assets/application.css?body=1" for 127.0.0.1 at 2014-11-18 18:22:23 -0800


Started GET "/assets/turbolinks.js?body=1" for 127.0.0.1 at 2014-11-18 18:22:23 -0800


Started GET "/assets/jquery_ujs.js?body=1" for 127.0.0.1 at 2014-11-18 18:22:23 -0800


Started GET "/assets/jquery.js?body=1" for 127.0.0.1 at 2014-11-18 18:22:23 -0800


Started GET "/assets/application.js?body=1" for 127.0.0.1 at 2014-11-18 18:22:23 -0800


Started GET "/" for 127.0.0.1 at 2014-11-18 18:23:01 -0800
Processing by SessionsController#new as HTML
  Rendered sessions/new.html.erb within layouts/application (7.0ms)
Completed 200 OK in 41ms (Views: 35.5ms | ActiveRecord: 1.8ms)


Started GET "/assets/jquery.js?body=1" for 127.0.0.1 at 2014-11-18 18:23:01 -0800


Started GET "/assets/application.css?body=1" for 127.0.0.1 at 2014-11-18 18:23:01 -0800


Started GET "/assets/jquery_ujs.js?body=1" for 127.0.0.1 at 2014-11-18 18:23:01 -0800


Started GET "/assets/application.js?body=1" for 127.0.0.1 at 2014-11-18 18:23:01 -0800


Started GET "/assets/turbolinks.js?body=1" for 127.0.0.1 at 2014-11-18 18:23:01 -0800


Started POST "/users" for 127.0.0.1 at 2014-11-18 18:23:57 -0800
Processing by UsersController#create as HTML
  Parameters: {"utf8"=>"✓", "authenticity_token"=>"H23mGrkm93qiUU9BAe9zfss86Puyes8SamCkezbF/vU=", "user"=>{"email"=>"eric@wdi.com", "password"=>"[FILTERED]", "password_confirmation"=>"[FILTERED]"}, "commit"=>"Sign up"}
Unpermitted parameters: password, password_confirmation
  [1m[35m (0.1ms)[0m  BEGIN
  [1m[36m (0.1ms)[0m  [1mROLLBACK[0m
Redirected to http://localhost:3000/users
Completed 302 Found in 9ms (ActiveRecord: 1.9ms)


Started GET "/users" for 127.0.0.1 at 2014-11-18 18:23:57 -0800
Processing by UsersController#index as HTML
  Rendered users/index.html.erb within layouts/application (0.0ms)
Completed 200 OK in 23ms (Views: 22.9ms | ActiveRecord: 0.0ms)


Started GET "/assets/application.css?body=1" for 127.0.0.1 at 2014-11-18 18:23:57 -0800


Started GET "/assets/jquery.js?body=1" for 127.0.0.1 at 2014-11-18 18:23:57 -0800


Started GET "/assets/turbolinks.js?body=1" for 127.0.0.1 at 2014-11-18 18:23:57 -0800


Started GET "/assets/application.js?body=1" for 127.0.0.1 at 2014-11-18 18:23:57 -0800


Started GET "/assets/jquery_ujs.js?body=1" for 127.0.0.1 at 2014-11-18 18:23:57 -0800


Started GET "/" for 127.0.0.1 at 2014-11-18 18:24:38 -0800
Processing by SessionsController#new as HTML
  Rendered sessions/new.html.erb within layouts/application (1.5ms)
Completed 200 OK in 26ms (Views: 25.5ms | ActiveRecord: 0.0ms)


Started GET "/assets/jquery.js?body=1" for 127.0.0.1 at 2014-11-18 18:24:38 -0800


Started GET "/assets/application.css?body=1" for 127.0.0.1 at 2014-11-18 18:24:38 -0800


Started GET "/assets/jquery_ujs.js?body=1" for 127.0.0.1 at 2014-11-18 18:24:38 -0800


Started GET "/assets/turbolinks.js?body=1" for 127.0.0.1 at 2014-11-18 18:24:38 -0800


Started GET "/assets/application.js?body=1" for 127.0.0.1 at 2014-11-18 18:24:38 -0800


Started POST "/sessions" for 127.0.0.1 at 2014-11-18 18:24:55 -0800
Processing by SessionsController#create as HTML
  Parameters: {"utf8"=>"✓", "authenticity_token"=>"H23mGrkm93qiUU9BAe9zfss86Puyes8SamCkezbF/vU=", "user"=>{"email"=>"eric@wdi.com", "password"=>"[FILTERED]"}, "commit"=>"Log in"}
Completed 500 Internal Server Error in 1ms

NoMethodError (undefined method `first' for nil:NilClass):
  app/controllers/sessions_controller.rb:8:in `create'


  Rendered /Users/erickatz/.rbenv/versions/2.1.2/lib/ruby/gems/2.1.0/gems/actionpack-4.1.1/lib/action_dispatch/middleware/templates/rescues/_source.erb (0.7ms)
  Rendered /Users/erickatz/.rbenv/versions/2.1.2/lib/ruby/gems/2.1.0/gems/actionpack-4.1.1/lib/action_dispatch/middleware/templates/rescues/_trace.html.erb (1.0ms)
  Rendered /Users/erickatz/.rbenv/versions/2.1.2/lib/ruby/gems/2.1.0/gems/actionpack-4.1.1/lib/action_dispatch/middleware/templates/rescues/_request_and_response.html.erb (1.5ms)
  Rendered /Users/erickatz/.rbenv/versions/2.1.2/lib/ruby/gems/2.1.0/gems/actionpack-4.1.1/lib/action_dispatch/middleware/templates/rescues/diagnostics.erb within rescues/layout (16.6ms)


Started POST "/sessions" for 127.0.0.1 at 2014-11-18 18:26:48 -0800
Processing by SessionsController#create as HTML
  Parameters: {"utf8"=>"✓", "authenticity_token"=>"H23mGrkm93qiUU9BAe9zfss86Puyes8SamCkezbF/vU=", "user"=>{"email"=>"eric@wdi.com", "password"=>"[FILTERED]"}, "commit"=>"Log in"}
Completed 500 Internal Server Error in 3ms

NoMethodError (undefined method `first' for nil:NilClass):
  app/controllers/sessions_controller.rb:8:in `create'


  Rendered /Users/erickatz/.rbenv/versions/2.1.2/lib/ruby/gems/2.1.0/gems/actionpack-4.1.1/lib/action_dispatch/middleware/templates/rescues/_source.erb (0.7ms)
  Rendered /Users/erickatz/.rbenv/versions/2.1.2/lib/ruby/gems/2.1.0/gems/actionpack-4.1.1/lib/action_dispatch/middleware/templates/rescues/_trace.html.erb (1.1ms)
  Rendered /Users/erickatz/.rbenv/versions/2.1.2/lib/ruby/gems/2.1.0/gems/actionpack-4.1.1/lib/action_dispatch/middleware/templates/rescues/_request_and_response.html.erb (0.9ms)
  Rendered /Users/erickatz/.rbenv/versions/2.1.2/lib/ruby/gems/2.1.0/gems/actionpack-4.1.1/lib/action_dispatch/middleware/templates/rescues/diagnostics.erb within rescues/layout (14.4ms)


Started GET "/" for 127.0.0.1 at 2014-11-18 18:26:50 -0800
Processing by SessionsController#new as HTML
  Rendered sessions/new.html.erb within layouts/application (7.7ms)
Completed 200 OK in 42ms (Views: 36.5ms | ActiveRecord: 4.0ms)


Started GET "/assets/application.css?body=1" for 127.0.0.1 at 2014-11-18 18:26:50 -0800


Started GET "/assets/turbolinks.js?body=1" for 127.0.0.1 at 2014-11-18 18:26:50 -0800


Started GET "/assets/jquery.js?body=1" for 127.0.0.1 at 2014-11-18 18:26:50 -0800


Started GET "/assets/jquery_ujs.js?body=1" for 127.0.0.1 at 2014-11-18 18:26:50 -0800


Started GET "/assets/application.js?body=1" for 127.0.0.1 at 2014-11-18 18:26:50 -0800


Started POST "/sessions" for 127.0.0.1 at 2014-11-18 18:27:30 -0800
Processing by SessionsController#create as HTML
  Parameters: {"utf8"=>"✓", "authenticity_token"=>"H23mGrkm93qiUU9BAe9zfss86Puyes8SamCkezbF/vU=", "user"=>{"email"=>"eric@wdi.com", "password"=>"[FILTERED]"}, "commit"=>"Log in"}
Completed 500 Internal Server Error in 3ms

NoMethodError (undefined method `first' for nil:NilClass):
  app/controllers/sessions_controller.rb:8:in `create'


  Rendered /Users/erickatz/.rbenv/versions/2.1.2/lib/ruby/gems/2.1.0/gems/actionpack-4.1.1/lib/action_dispatch/middleware/templates/rescues/_source.erb (0.5ms)
  Rendered /Users/erickatz/.rbenv/versions/2.1.2/lib/ruby/gems/2.1.0/gems/actionpack-4.1.1/lib/action_dispatch/middleware/templates/rescues/_trace.html.erb (1.1ms)
  Rendered /Users/erickatz/.rbenv/versions/2.1.2/lib/ruby/gems/2.1.0/gems/actionpack-4.1.1/lib/action_dispatch/middleware/templates/rescues/_request_and_response.html.erb (1.0ms)
  Rendered /Users/erickatz/.rbenv/versions/2.1.2/lib/ruby/gems/2.1.0/gems/actionpack-4.1.1/lib/action_dispatch/middleware/templates/rescues/diagnostics.erb within rescues/layout (13.9ms)


Started GET "/" for 127.0.0.1 at 2014-11-18 18:29:48 -0800
Processing by SessionsController#new as HTML
  Rendered sessions/new.html.erb within layouts/application (3.4ms)
Completed 200 OK in 31ms (Views: 24.5ms | ActiveRecord: 1.8ms)


Started GET "/assets/turbolinks.js?body=1" for 127.0.0.1 at 2014-11-18 18:29:48 -0800


Started GET "/assets/application.js?body=1" for 127.0.0.1 at 2014-11-18 18:29:48 -0800


Started GET "/assets/jquery_ujs.js?body=1" for 127.0.0.1 at 2014-11-18 18:29:48 -0800


Started GET "/assets/jquery.js?body=1" for 127.0.0.1 at 2014-11-18 18:29:48 -0800


Started GET "/assets/application.css?body=1" for 127.0.0.1 at 2014-11-18 18:29:48 -0800


Started GET "/" for 127.0.0.1 at 2014-11-18 18:30:05 -0800
Processing by SessionsController#new as HTML
  Rendered sessions/new.html.erb within layouts/application (1.4ms)
Completed 200 OK in 34ms (Views: 33.4ms | ActiveRecord: 0.0ms)


Started GET "/assets/application.css?body=1" for 127.0.0.1 at 2014-11-18 18:30:05 -0800


Started GET "/assets/turbolinks.js?body=1" for 127.0.0.1 at 2014-11-18 18:30:05 -0800


Started GET "/assets/application.js?body=1" for 127.0.0.1 at 2014-11-18 18:30:05 -0800


Started GET "/assets/jquery_ujs.js?body=1" for 127.0.0.1 at 2014-11-18 18:30:05 -0800


Started GET "/assets/jquery.js?body=1" for 127.0.0.1 at 2014-11-18 18:30:05 -0800


Started POST "/sessions" for 127.0.0.1 at 2014-11-18 18:30:11 -0800
Processing by SessionsController#create as HTML
  Parameters: {"utf8"=>"✓", "authenticity_token"=>"H23mGrkm93qiUU9BAe9zfss86Puyes8SamCkezbF/vU=", "user"=>{"email"=>"eric@wdi.com", "password"=>"[FILTERED]"}, "commit"=>"Log in"}
Completed 500 Internal Server Error in 1ms

NoMethodError (undefined method `first' for nil:NilClass):
  app/controllers/sessions_controller.rb:8:in `create'


  Rendered /Users/erickatz/.rbenv/versions/2.1.2/lib/ruby/gems/2.1.0/gems/actionpack-4.1.1/lib/action_dispatch/middleware/templates/rescues/_source.erb (0.6ms)
  Rendered /Users/erickatz/.rbenv/versions/2.1.2/lib/ruby/gems/2.1.0/gems/actionpack-4.1.1/lib/action_dispatch/middleware/templates/rescues/_trace.html.erb (2.5ms)
  Rendered /Users/erickatz/.rbenv/versions/2.1.2/lib/ruby/gems/2.1.0/gems/actionpack-4.1.1/lib/action_dispatch/middleware/templates/rescues/_request_and_response.html.erb (2.1ms)
  Rendered /Users/erickatz/.rbenv/versions/2.1.2/lib/ruby/gems/2.1.0/gems/actionpack-4.1.1/lib/action_dispatch/middleware/templates/rescues/diagnostics.erb within rescues/layout (18.2ms)


Started POST "/sessions" for 127.0.0.1 at 2014-11-18 18:31:51 -0800
Processing by SessionsController#create as HTML
  Parameters: {"utf8"=>"✓", "authenticity_token"=>"H23mGrkm93qiUU9BAe9zfss86Puyes8SamCkezbF/vU=", "user"=>{"email"=>"eric@wdi.com", "password"=>"[FILTERED]"}, "commit"=>"Log in"}
  [1m[35mUser Load (2.8ms)[0m  SELECT  "users".* FROM "users"  WHERE "users"."email" = 'eric@wdi.com'  ORDER BY "users"."id" ASC LIMIT 1
Redirected to http://localhost:3000/sessions/new
Completed 302 Found in 15ms (ActiveRecord: 4.7ms)


Started GET "/sessions/new" for 127.0.0.1 at 2014-11-18 18:31:51 -0800
Processing by SessionsController#new as HTML
  Rendered sessions/new.html.erb within layouts/application (3.4ms)
Completed 200 OK in 37ms (Views: 36.8ms | ActiveRecord: 0.0ms)


Started GET "/assets/application.css?body=1" for 127.0.0.1 at 2014-11-18 18:31:52 -0800


Started GET "/assets/turbolinks.js?body=1" for 127.0.0.1 at 2014-11-18 18:31:52 -0800


Started GET "/assets/application.js?body=1" for 127.0.0.1 at 2014-11-18 18:31:52 -0800


Started GET "/assets/jquery.js?body=1" for 127.0.0.1 at 2014-11-18 18:31:52 -0800


Started GET "/assets/jquery_ujs.js?body=1" for 127.0.0.1 at 2014-11-18 18:31:52 -0800


Started POST "/users" for 127.0.0.1 at 2014-11-18 18:32:15 -0800
Processing by UsersController#create as HTML
  Parameters: {"utf8"=>"✓", "authenticity_token"=>"H23mGrkm93qiUU9BAe9zfss86Puyes8SamCkezbF/vU=", "user"=>{"email"=>"asd@asd.com", "password"=>"[FILTERED]", "password_confirmation"=>"[FILTERED]"}, "commit"=>"Sign up"}
Unpermitted parameters: password, password_confirmation
  [1m[36m (0.1ms)[0m  [1mBEGIN[0m
  [1m[35m (0.1ms)[0m  ROLLBACK
Redirected to http://localhost:3000/users
Completed 302 Found in 2ms (ActiveRecord: 0.2ms)


Started GET "/users" for 127.0.0.1 at 2014-11-18 18:32:15 -0800
Processing by UsersController#index as HTML
  Rendered users/index.html.erb within layouts/application (0.9ms)
Completed 200 OK in 29ms (Views: 27.5ms | ActiveRecord: 0.0ms)


Started GET "/assets/application.css?body=1" for 127.0.0.1 at 2014-11-18 18:32:15 -0800


Started GET "/assets/jquery_ujs.js?body=1" for 127.0.0.1 at 2014-11-18 18:32:15 -0800


Started GET "/assets/jquery.js?body=1" for 127.0.0.1 at 2014-11-18 18:32:15 -0800


Started GET "/assets/turbolinks.js?body=1" for 127.0.0.1 at 2014-11-18 18:32:15 -0800


Started GET "/assets/application.js?body=1" for 127.0.0.1 at 2014-11-18 18:32:15 -0800


Started GET "/" for 127.0.0.1 at 2014-11-18 18:32:34 -0800
Processing by SessionsController#new as HTML
  Rendered sessions/new.html.erb within layouts/application (1.6ms)
Completed 200 OK in 24ms (Views: 23.3ms | ActiveRecord: 0.0ms)


Started GET "/assets/application.css?body=1" for 127.0.0.1 at 2014-11-18 18:32:34 -0800


Started GET "/assets/jquery.js?body=1" for 127.0.0.1 at 2014-11-18 18:32:34 -0800


Started GET "/assets/turbolinks.js?body=1" for 127.0.0.1 at 2014-11-18 18:32:34 -0800


Started GET "/assets/jquery_ujs.js?body=1" for 127.0.0.1 at 2014-11-18 18:32:34 -0800


Started GET "/assets/application.js?body=1" for 127.0.0.1 at 2014-11-18 18:32:34 -0800


Started POST "/sessions" for 127.0.0.1 at 2014-11-18 18:32:41 -0800
Processing by SessionsController#create as HTML
  Parameters: {"utf8"=>"✓", "authenticity_token"=>"Ceem8ls4KM1QOacnnqxkJmwl4XFV42GBvK+tRVMRNlE=", "user"=>{"email"=>"asd@asd.com", "password"=>"[FILTERED]"}, "commit"=>"Log in"}
  [1m[36mUser Load (0.4ms)[0m  [1mSELECT  "users".* FROM "users"  WHERE "users"."email" = 'asd@asd.com'  ORDER BY "users"."id" ASC LIMIT 1[0m
Redirected to http://localhost:3000/sessions/new
Completed 302 Found in 2ms (ActiveRecord: 0.4ms)


Started GET "/sessions/new" for 127.0.0.1 at 2014-11-18 18:32:41 -0800
Processing by SessionsController#new as HTML
  Rendered sessions/new.html.erb within layouts/application (2.6ms)
Completed 200 OK in 29ms (Views: 28.1ms | ActiveRecord: 0.0ms)


Started GET "/sessions/new" for 127.0.0.1 at 2014-11-18 18:32:56 -0800
Processing by SessionsController#new as HTML
  Rendered sessions/new.html.erb within layouts/application (2.0ms)
Completed 200 OK in 28ms (Views: 27.1ms | ActiveRecord: 0.0ms)


Started GET "/assets/application.css?body=1" for 127.0.0.1 at 2014-11-18 18:32:56 -0800


Started GET "/assets/jquery_ujs.js?body=1" for 127.0.0.1 at 2014-11-18 18:32:56 -0800


Started GET "/assets/jquery.js?body=1" for 127.0.0.1 at 2014-11-18 18:32:56 -0800


Started GET "/assets/turbolinks.js?body=1" for 127.0.0.1 at 2014-11-18 18:32:56 -0800


Started GET "/assets/application.js?body=1" for 127.0.0.1 at 2014-11-18 18:32:56 -0800


Started POST "/sessions" for 127.0.0.1 at 2014-11-18 18:33:10 -0800
Processing by SessionsController#create as HTML
  Parameters: {"utf8"=>"✓", "authenticity_token"=>"Ceem8ls4KM1QOacnnqxkJmwl4XFV42GBvK+tRVMRNlE=", "user"=>{"email"=>"asd@asd.com", "password"=>"[FILTERED]"}, "commit"=>"Log in"}
  [1m[35mUser Load (0.4ms)[0m  SELECT  "users".* FROM "users"  WHERE "users"."email" = 'asd@asd.com'  ORDER BY "users"."id" ASC LIMIT 1
Redirected to http://localhost:3000/sessions/new
Completed 302 Found in 6ms (ActiveRecord: 0.4ms)


Started GET "/sessions/new" for 127.0.0.1 at 2014-11-18 18:33:10 -0800
Processing by SessionsController#new as HTML
  Rendered sessions/new.html.erb within layouts/application (1.6ms)
Completed 200 OK in 30ms (Views: 29.8ms | ActiveRecord: 0.0ms)


Started GET "/assets/jquery.js?body=1" for 127.0.0.1 at 2014-11-18 18:33:11 -0800


Started GET "/assets/application.css?body=1" for 127.0.0.1 at 2014-11-18 18:33:11 -0800


Started GET "/assets/application.js?body=1" for 127.0.0.1 at 2014-11-18 18:33:11 -0800


Started GET "/assets/turbolinks.js?body=1" for 127.0.0.1 at 2014-11-18 18:33:11 -0800


Started GET "/assets/jquery_ujs.js?body=1" for 127.0.0.1 at 2014-11-18 18:33:11 -0800


Started GET "/" for 127.0.0.1 at 2014-11-18 19:50:25 -0800
Processing by SessionsController#new as HTML
  Rendered sessions/new.html.erb within layouts/application (4.0ms)
Completed 200 OK in 35ms (Views: 29.2ms | ActiveRecord: 1.9ms)


Started GET "/assets/application.css?body=1" for 127.0.0.1 at 2014-11-18 19:50:25 -0800


Started GET "/assets/jquery.js?body=1" for 127.0.0.1 at 2014-11-18 19:50:25 -0800


Started GET "/assets/turbolinks.js?body=1" for 127.0.0.1 at 2014-11-18 19:50:25 -0800


Started GET "/assets/jquery_ujs.js?body=1" for 127.0.0.1 at 2014-11-18 19:50:25 -0800


Started GET "/assets/application.js?body=1" for 127.0.0.1 at 2014-11-18 19:50:25 -0800
